<?xml version="1.0" encoding="UTF-8"?>
<testng-results skipped="0" failed="0" total="1" passed="1">
  <reporter-output>
  </reporter-output>
  <suite name="Default suite" duration-ms="5963" started-at="2020-08-09T07:27:50Z" finished-at="2020-08-09T07:27:56Z">
    <groups>
    </groups>
    <test name="Default test" duration-ms="5963" started-at="2020-08-09T07:27:50Z" finished-at="2020-08-09T07:27:56Z">
      <class name="APIGetrequest.FirstApi">
        <test-method status="PASS" signature="Readjsonfileid()[pri:0, instance:APIGetrequest.FirstApi@f6c48ac]" name="Readjsonfileid" duration-ms="5936" started-at="2020-08-09T12:57:50Z" finished-at="2020-08-09T12:57:56Z">
          <reporter-output>
          </reporter-output>
        </test-method> <!-- Readjsonfileid -->
      </class> <!-- APIGetrequest.FirstApi -->
    </test> <!-- Default test -->
  </suite> <!-- Default suite -->
</testng-results>
